#
# There is insufficient memory for the Java Runtime Environment to continue.
# Native memory allocation (malloc) failed to allocate 4510144 bytes for Chunk::new
# Possible reasons:
#   The system is out of physical RAM or swap space
#   The process is running with CompressedOops enabled, and the Java Heap may be blocking the growth of the native heap
# Possible solutions:
#   Reduce memory load on the system
#   Increase physical memory or swap space
#   Check if swap backing store is full
#   Decrease Java heap size (-Xmx/-Xms)
#   Decrease number of Java threads
#   Decrease Java thread stack sizes (-Xss)
#   Set larger code cache with -XX:ReservedCodeCacheSize=
#   JVM is running with Unscaled Compressed Oops mode in which the Java heap is
#     placed in the first 4GB address space. The Java Heap base address is the
#     maximum limit for the native heap growth. Please use -XX:HeapBaseMinAddress
#     to set the Java Heap base and to place the Java Heap above 4GB virtual address.
# This output file may be truncated or incomplete.
#
#  Out of Memory Error (allocation.cpp:389), pid=12956, tid=0x0000000000003d20
#
# JRE version: Java(TM) SE Runtime Environment (8.0_221-b11) (build 1.8.0_221-b11)
# Java VM: Java HotSpot(TM) 64-Bit Server VM (25.221-b11 mixed mode windows-amd64 compressed oops)
# Failed to write core dump. Minidumps are not enabled by default on client versions of Windows
#

---------------  T H R E A D  ---------------

Current thread (0x0000000019186000):  JavaThread "C2 CompilerThread0" daemon [_thread_in_native, id=15648, stack(0x0000000019480000,0x0000000019580000)]

Stack: [0x0000000019480000,0x0000000019580000]
[error occurred during error reporting (printing stack bounds), id 0xc0000005]

Native frames: (J=compiled Java code, j=interpreted, Vv=VM code, C=native code)


Current CompileTask:
C2: 289260  416       4       org.eclipse.jdt.launching.internal.org.objectweb.asm.ClassReader::readCode (5089 bytes)


---------------  P R O C E S S  ---------------

Java Threads: ( => current thread )
  0x00000000192e9800 JavaThread "ReaderThread" [_thread_in_native, id=3164, stack(0x000000001a180000,0x000000001a280000)]
  0x000000001919c000 JavaThread "Service Thread" daemon [_thread_blocked, id=1608, stack(0x0000000019780000,0x0000000019880000)]
  0x0000000019199000 JavaThread "C1 CompilerThread2" daemon [_thread_blocked, id=424, stack(0x0000000019680000,0x0000000019780000)]
  0x0000000019187000 JavaThread "C2 CompilerThread1" daemon [_thread_blocked, id=10012, stack(0x0000000019580000,0x0000000019680000)]
=>0x0000000019186000 JavaThread "C2 CompilerThread0" daemon [_thread_in_native, id=15648, stack(0x0000000019480000,0x0000000019580000)]
  0x00000000173eb800 JavaThread "JDWP Command Reader" daemon [_thread_in_native, id=9580, stack(0x0000000018f80000,0x0000000019080000)]
  0x00000000173ea000 JavaThread "JDWP Event Helper Thread" daemon [_thread_blocked, id=3472, stack(0x0000000018e80000,0x0000000018f80000)]
  0x00000000173dc000 JavaThread "JDWP Transport Listener: dt_socket" daemon [_thread_blocked, id=10080, stack(0x0000000018d80000,0x0000000018e80000)]
  0x00000000173d0800 JavaThread "Attach Listener" daemon [_thread_blocked, id=3528, stack(0x0000000018940000,0x0000000018a40000)]
  0x00000000173d9000 JavaThread "Signal Dispatcher" daemon [_thread_blocked, id=15444, stack(0x0000000018840000,0x0000000018940000)]
  0x00000000173ba800 JavaThread "Finalizer" daemon [_thread_blocked, id=18044, stack(0x0000000018630000,0x0000000018730000)]
  0x00000000028d5000 JavaThread "Reference Handler" daemon [_thread_blocked, id=20244, stack(0x0000000018530000,0x0000000018630000)]
  0x00000000027e4800 JavaThread "main" [_thread_blocked, id=11760, stack(0x0000000002570000,0x0000000002670000)]

Other Threads:
  0x0000000017397800 VMThread [stack: 0x0000000018430000,0x0000000018530000] [id=14472]
  0x000000001929f800 WatcherThread [stack: 0x0000000019880000,0x0000000019980000] [id=6484]

VM state:not at safepoint (normal execution)

VM Mutex/Monitor currently owned by a thread: None

heap address: 0x0000000082400000, size: 2012 MB, Compressed Oops mode: 32-bit
Narrow klass base: 0x0000000000000000, Narrow klass shift: 3
Compressed class space size: 1073741824 Address: 0x0000000100000000

Heap:
 PSYoungGen      total 37888K, used 15770K [0x00000000d6180000, 0x00000000d8b80000, 0x0000000100000000)
  eden space 32768K, 48% used [0x00000000d6180000,0x00000000d70e6be0,0x00000000d8180000)
  from space 5120K, 0% used [0x00000000d8680000,0x00000000d8680000,0x00000000d8b80000)
  to   space 5120K, 0% used [0x00000000d8180000,0x00000000d8180000,0x00000000d8680000)
 ParOldGen       total 86016K, used 0K [0x0000000082400000, 0x0000000087800000, 0x00000000d6180000)
  object space 86016K, 0% used [0x0000000082400000,0x0000000082400000,0x0000000087800000)
 Metaspace       used 6705K, capacity 6820K, committed 6912K, reserved 1056768K
  class space    used 744K, capacity 758K, committed 768K, reserved 1048576K

Card table byte_map: [0x0000000011ca0000,0x0000000012090000] byte_map_base: 0x000000001188e000

Marking Bits: (ParMarkBitMap*) 0x000000005ffe5ce0
 Begin Bits: [0x0000000012730000, 0x00000000146a0000)
 End Bits:   [0x00000000146a0000, 0x0000000016610000)

Polling page: 0x0000000000e00000

CodeCache: size=245760Kb used=2523Kb max_used=2523Kb free=243236Kb
 bounds [0x00000000028e0000, 0x0000000002b60000, 0x00000000118e0000]
 total_blobs=723 nmethods=417 adapters=227
 compilation: enabled

Compilation events (10 events):
Event: 1.326 Thread 0x0000000019186000 nmethod 407% 0x0000000002b55610 code [0x0000000002b55780, 0x0000000002b56bf8]
Event: 225.426 Thread 0x0000000019199000  414       3       org.eclipse.jdt.launching.internal.org.objectweb.asm.MethodWriter::visitIntInsn (113 bytes)
Event: 225.426 Thread 0x0000000019199000 nmethod 414 0x0000000002b54d90 code [0x0000000002b54f20, 0x0000000002b554a8]
Event: 286.925 Thread 0x0000000019199000  415       1       java.lang.Integer::intValue (5 bytes)
Event: 286.926 Thread 0x0000000019199000 nmethod 415 0x0000000002b54ad0 code [0x0000000002b54c20, 0x0000000002b54d30]
Event: 286.926 Thread 0x0000000019186000  416       4       org.eclipse.jdt.launching.internal.org.objectweb.asm.ClassReader::readCode (5089 bytes)
Event: 286.926 Thread 0x0000000019199000  417       3       org.eclipse.jdt.launching.internal.org.objectweb.asm.ClassReader::readVerificationTypeInfo (184 bytes)
Event: 286.928 Thread 0x0000000019199000 nmethod 417 0x0000000002b51a10 code [0x0000000002b51ce0, 0x0000000002b53508]
Event: 286.928 Thread 0x0000000019199000  418       3       org.eclipse.jdt.launching.internal.org.objectweb.asm.MethodWriter::putFrameType (83 bytes)
Event: 286.928 Thread 0x0000000019199000 nmethod 418 0x0000000002b57390 code [0x0000000002b575a0, 0x0000000002b57fd8]

GC Heap History (0 events):
No events

Deoptimization events (2 events):
Event: 1.003 Thread 0x00000000027e4800 Uncommon trap: reason=unstable_if action=reinterpret pc=0x0000000002a728a0 method=org.eclipse.jdt.launching.internal.org.objectweb.asm.ClassReader.readUtf(II[C)Ljava/lang/String; @ 41
Event: 1.003 Thread 0x00000000027e4800 Uncommon trap: reason=unstable_if action=reinterpret pc=0x0000000002a6cc6c method=org.eclipse.jdt.launching.internal.org.objectweb.asm.ByteVector.putUTF8(Ljava/lang/String;)Lorg/eclipse/jdt/launching/internal/org/objectweb/asm/ByteVector; @ 100

Classes redefined (3 events):
Event: 84.786 Thread 0x0000000017397800 redefined class name=org.iesalandalus.programacion.citasclinica.modelo.Paciente, count=1
Event: 225.431 Thread 0x0000000017397800 redefined class name=org.iesalandalus.programacion.citasclinica.modelo.Paciente, count=2
Event: 286.932 Thread 0x0000000017397800 redefined class name=org.iesalandalus.programacion.citasclinica.modelo.Paciente, count=3

Internal exceptions (8 events):
Event: 0.107 Thread 0x00000000027e4800 Exception <a 'java/lang/NoSuchMethodError': Method sun.misc.Unsafe.defineClass(Ljava/lang/String;[BII)Ljava/lang/Class; name or signature does not match> (0x00000000d6187cb8) thrown at [C:\re\workspace\8-2-build-windows-amd64-cygwin\jdk8u221\13320\hotspot
Event: 0.108 Thread 0x00000000027e4800 Exception <a 'java/lang/NoSuchMethodError': Method sun.misc.Unsafe.prefetchRead(Ljava/lang/Object;J)V name or signature does not match> (0x00000000d6187fa0) thrown at [C:\re\workspace\8-2-build-windows-amd64-cygwin\jdk8u221\13320\hotspot\src\share\vm\prim
Event: 0.429 Thread 0x00000000027e4800 Exception <a 'java/security/PrivilegedActionException'> (0x00000000d61fb158) thrown at [C:\re\workspace\8-2-build-windows-amd64-cygwin\jdk8u221\13320\hotspot\src\share\vm\prims\jvm.cpp, line 1502]
Event: 0.430 Thread 0x00000000027e4800 Exception <a 'java/security/PrivilegedActionException'> (0x00000000d61fb368) thrown at [C:\re\workspace\8-2-build-windows-amd64-cygwin\jdk8u221\13320\hotspot\src\share\vm\prims\jvm.cpp, line 1502]
Event: 1.222 Thread 0x00000000027e4800 Exception <a 'java/security/PrivilegedActionException'> (0x00000000d6ea5ed8) thrown at [C:\re\workspace\8-2-build-windows-amd64-cygwin\jdk8u221\13320\hotspot\src\share\vm\prims\jvm.cpp, line 1502]
Event: 1.222 Thread 0x00000000027e4800 Exception <a 'java/security/PrivilegedActionException'> (0x00000000d6ea62d0) thrown at [C:\re\workspace\8-2-build-windows-amd64-cygwin\jdk8u221\13320\hotspot\src\share\vm\prims\jvm.cpp, line 1502]
Event: 1.223 Thread 0x00000000027e4800 Exception <a 'java/security/PrivilegedActionException'> (0x00000000d6eaa310) thrown at [C:\re\workspace\8-2-build-windows-amd64-cygwin\jdk8u221\13320\hotspot\src\share\vm\prims\jvm.cpp, line 1502]
Event: 1.224 Thread 0x00000000027e4800 Exception <a 'java/security/PrivilegedActionException'> (0x00000000d6eaa708) thrown at [C:\re\workspace\8-2-build-windows-amd64-cygwin\jdk8u221\13320\hotspot\src\share\vm\prims\jvm.cpp, line 1502]

Events (10 events):
Event: 287.682 Executing VM operation: GetCurrentContendedMonitor
Event: 287.682 Executing VM operation: GetCurrentContendedMonitor done
Event: 288.689 Executing VM operation: GetCurrentContendedMonitor
Event: 288.689 Executing VM operation: GetCurrentContendedMonitor done
Event: 288.689 Executing VM operation: GetOwnedMonitorInfo
Event: 288.689 Executing VM operation: GetOwnedMonitorInfo done
Event: 289.002 Executing VM operation: GetOwnedMonitorInfo
Event: 289.002 Executing VM operation: GetOwnedMonitorInfo done
Event: 289.003 Executing VM operation: GetCurrentContendedMonitor
Event: 289.003 Executing VM operation: GetCurrentContendedMonitor done


Dynamic libraries:
0x00007ff61d0a0000 - 0x00007ff61d0d7000 	C:\Program Files\Java\jre1.8.0_221\bin\javaw.exe
0x00007ffd998b0000 - 0x00007ffd99a91000 	C:\WINDOWS\SYSTEM32\ntdll.dll
0x00007ffd381b0000 - 0x00007ffd381c4000 	C:\Program Files\AVAST Software\Avast\aswhook.dll
0x00007ffd96df0000 - 0x00007ffd96ea1000 	C:\WINDOWS\System32\KERNEL32.DLL
0x00007ffd95c80000 - 0x00007ffd95ef3000 	C:\WINDOWS\System32\KERNELBASE.dll
0x00007ffd93a10000 - 0x00007ffd93a9b000 	C:\WINDOWS\SYSTEM32\apphelp.dll
0x00007ffd99190000 - 0x00007ffd99231000 	C:\WINDOWS\System32\ADVAPI32.dll
0x00007ffd995b0000 - 0x00007ffd9964e000 	C:\WINDOWS\System32\msvcrt.dll
0x00007ffd99550000 - 0x00007ffd995ab000 	C:\WINDOWS\System32\sechost.dll
0x00007ffd977c0000 - 0x00007ffd978e4000 	C:\WINDOWS\System32\RPCRT4.dll
0x00007ffd96fc0000 - 0x00007ffd97150000 	C:\WINDOWS\System32\USER32.dll
0x00007ffd96c00000 - 0x00007ffd96c20000 	C:\WINDOWS\System32\win32u.dll
0x00007ffd96d40000 - 0x00007ffd96d68000 	C:\WINDOWS\System32\GDI32.dll
0x00007ffd96160000 - 0x00007ffd962f1000 	C:\WINDOWS\System32\gdi32full.dll
0x00007ffd96c20000 - 0x00007ffd96cbf000 	C:\WINDOWS\System32\msvcp_win.dll
0x00007ffd95fb0000 - 0x00007ffd960a8000 	C:\WINDOWS\System32\ucrtbase.dll
0x00007ffd8aaa0000 - 0x00007ffd8ad09000 	C:\WINDOWS\WinSxS\amd64_microsoft.windows.common-controls_6595b64144ccf1df_6.0.17134.885_none_fb42a3473065565f\COMCTL32.dll
0x00007ffd97220000 - 0x00007ffd97542000 	C:\WINDOWS\System32\combase.dll
0x00007ffd96cc0000 - 0x00007ffd96d39000 	C:\WINDOWS\System32\bcryptPrimitives.dll
0x00007ffd99850000 - 0x00007ffd9987d000 	C:\WINDOWS\System32\IMM32.DLL
0x0000000062600000 - 0x00000000626d2000 	C:\Program Files\Java\jre1.8.0_221\bin\msvcr100.dll
0x000000005f7c0000 - 0x0000000060065000 	C:\Program Files\Java\jre1.8.0_221\bin\server\jvm.dll
0x00007ffd978f0000 - 0x00007ffd978f8000 	C:\WINDOWS\System32\PSAPI.DLL
0x00007ffd7d170000 - 0x00007ffd7d179000 	C:\WINDOWS\SYSTEM32\WSOCK32.dll
0x00007ffd994d0000 - 0x00007ffd9953c000 	C:\WINDOWS\System32\WS2_32.dll
0x00007ffd93390000 - 0x00007ffd933b3000 	C:\WINDOWS\SYSTEM32\WINMM.dll
0x00007ffd8cc80000 - 0x00007ffd8cc8a000 	C:\WINDOWS\SYSTEM32\VERSION.dll
0x00007ffd931c0000 - 0x00007ffd931ea000 	C:\WINDOWS\SYSTEM32\WINMMBASE.dll
0x00007ffd95f00000 - 0x00007ffd95f49000 	C:\WINDOWS\System32\cfgmgr32.dll
0x00007ffd910e0000 - 0x00007ffd910ef000 	C:\Program Files\Java\jre1.8.0_221\bin\verify.dll
0x00007ffd8f850000 - 0x00007ffd8f879000 	C:\Program Files\Java\jre1.8.0_221\bin\java.dll
0x00007ffd8ee30000 - 0x00007ffd8ee65000 	C:\Program Files\Java\jre1.8.0_221\bin\jdwp.dll
0x00007ffd8ee20000 - 0x00007ffd8ee28000 	C:\Program Files\Java\jre1.8.0_221\bin\npt.dll
0x00007ffd86960000 - 0x00007ffd86983000 	C:\Program Files\Java\jre1.8.0_221\bin\instrument.dll
0x00007ffd8bf20000 - 0x00007ffd8bf36000 	C:\Program Files\Java\jre1.8.0_221\bin\zip.dll
0x00007ffd97d50000 - 0x00007ffd99190000 	C:\WINDOWS\System32\SHELL32.dll
0x00007ffd96eb0000 - 0x00007ffd96f59000 	C:\WINDOWS\System32\shcore.dll
0x00007ffd96300000 - 0x00007ffd96a0d000 	C:\WINDOWS\System32\windows.storage.dll
0x00007ffd97760000 - 0x00007ffd977b1000 	C:\WINDOWS\System32\shlwapi.dll
0x00007ffd95c60000 - 0x00007ffd95c71000 	C:\WINDOWS\System32\kernel.appcore.dll
0x00007ffd95bc0000 - 0x00007ffd95bdf000 	C:\WINDOWS\System32\profapi.dll
0x00007ffd95bf0000 - 0x00007ffd95c3c000 	C:\WINDOWS\System32\powrprof.dll
0x00007ffd95be0000 - 0x00007ffd95bea000 	C:\WINDOWS\System32\FLTLIB.DLL
0x00007ffd8bf50000 - 0x00007ffd8bf59000 	C:\Program Files\Java\jre1.8.0_221\bin\dt_socket.dll
0x00007ffd689b0000 - 0x00007ffd689c6000 	C:\WINDOWS\system32\napinsp.dll
0x00007ffd67ea0000 - 0x00007ffd67eba000 	C:\WINDOWS\system32\pnrpnsp.dll
0x00007ffd920d0000 - 0x00007ffd920e9000 	C:\WINDOWS\system32\NLAapi.dll
0x00007ffd95440000 - 0x00007ffd954a6000 	C:\WINDOWS\System32\mswsock.dll
0x00007ffd95210000 - 0x00007ffd952ce000 	C:\WINDOWS\SYSTEM32\DNSAPI.dll
0x00007ffd97550000 - 0x00007ffd97558000 	C:\WINDOWS\System32\NSI.dll
0x00007ffd951d0000 - 0x00007ffd95208000 	C:\WINDOWS\SYSTEM32\IPHLPAPI.DLL
0x00007ffd67e80000 - 0x00007ffd67e8e000 	C:\WINDOWS\System32\winrnr.dll
0x00007ffd6c570000 - 0x00007ffd6c585000 	C:\WINDOWS\System32\wshbth.dll
0x00007ffd72d60000 - 0x00007ffd72dd2000 	C:\WINDOWS\System32\fwpuclnt.dll
0x00007ffd95720000 - 0x00007ffd95745000 	C:\WINDOWS\SYSTEM32\bcrypt.dll
0x00007ffd72f60000 - 0x00007ffd72f6a000 	C:\Windows\System32\rasadhlp.dll
0x00007ffd7b880000 - 0x00007ffd7b89a000 	C:\Program Files\Java\jre1.8.0_221\bin\net.dll
0x00007ffd86ec0000 - 0x00007ffd87089000 	C:\WINDOWS\SYSTEM32\urlmon.dll
0x00007ffd88d50000 - 0x00007ffd88ff6000 	C:\WINDOWS\SYSTEM32\iertutil.dll
0x00007ffd95610000 - 0x00007ffd9561b000 	C:\WINDOWS\SYSTEM32\CRYPTBASE.DLL

VM Arguments:
jvm_args: -agentlib:jdwp=transport=dt_socket,suspend=y,address=localhost:29440 -ea -javaagent:C:\Users\nloli\eclipse\java-2019-09\eclipse\configuration\org.eclipse.osgi\229\0\.cp\lib\javaagent-shaded.jar -Dfile.encoding=UTF-8 
java_command: org.eclipse.jdt.internal.junit.runner.RemoteTestRunner -version 3 -port 29439 -testLoaderClass org.eclipse.jdt.internal.junit4.runner.JUnit4TestLoader -loaderpluginname org.eclipse.jdt.junit4.runtime -classNames org.iesalandalus.programacion.citasclinica.modelo.PacienteTest
java_class_path (initial): C:\Users\nloli\git\CitasClinica\bin\main;C:\Users\nloli\git\CitasClinica\bin\test;\CitasClinica\bin\default;C:\Users\nloli\.gradle\caches\modules-2\files-2.1\org.apache.commons\commons-math3\3.6.1\e4ba98f1d4b3c80ec46392f25e094a6a2e58fcbf\commons-math3-3.6.1.jar;C:\Users\nloli\.gradle\caches\modules-2\files-2.1\com.google.guava\guava\28.0-jre\54fed371b4b8a8cce1e94a9abd9620982d3aa54b\guava-28.0-jre.jar;C:\Users\nloli\.gradle\caches\modules-2\files-2.1\com.google.guava\failureaccess\1.0.1\1dcf1de382a0bf95a3d8b0849546c88bac1292c9\failureaccess-1.0.1.jar;C:\Users\nloli\.gradle\caches\modules-2\files-2.1\com.google.guava\listenablefuture\9999.0-empty-to-avoid-conflict-with-guava\b421526c5f297295adef1c886e5246c39d4ac629\listenablefuture-9999.0-empty-to-avoid-conflict-with-guava.jar;C:\Users\nloli\.gradle\caches\modules-2\files-2.1\com.google.code.findbugs\jsr305\3.0.2\25ea2e8b0c338a877313bd4672d3fe056ea78f0d\jsr305-3.0.2.jar;C:\Users\nloli\.gradle\caches\modules-2\files-2.1\org.checkerframework\checker-qual\2.8.1\eb2e8ab75598548cc8acf9a1ca227e480e01881e\checker-qual-2.8.1.jar;C:\Users\nloli\.gradle\caches\modules-2\files-2.1\com.google.errorprone\error_prone_annotations\2.3.2\d1a0c5032570e0f64be6b4d9c90cdeb103129029\error_prone_annotations-2.3.2.jar;C:\Users\nloli\.gradle\caches\modules-2\files-2.1\com.google.j2objc\j2objc-annotations\1.3\ba035118bc8bac37d7eff77700720999acd9986d\j2objc-annotations-1.3.jar;C:\Users\nloli\.gradle\caches\modules-2\files-2.1\org.codehaus.mojo\animal-sniffer-annotations\1.17\f97ce6decaea32b36101e37979f8b647f00681fb\animal-sniffer-annotations-1.17.jar;C:\Users\nloli\.gradle\caches\modules-2\files-2.1\junit\junit\4.12\2973d150c0dc1fefe998f834810d68f278ea58ec\junit-4.12.jar;C:\Users\nloli\.gradle\caches\modules-2\files-2.1\org.hamcrest\hamcrest-core\1.3\42a25dc3219429f0e5d060061f71acb49bf010a0\hamcrest-core-1.3.jar;C:\Users\nloli\eclipse\java-2019-09\eclipse\configuration\org.eclipse.osgi\227\0\.cp;C:\Users\nloli\eclip
Launcher Type: SUN_STANDARD

Environment Variables:
USERNAME=Garciber
OS=Windows_NT
PROCESSOR_IDENTIFIER=Intel64 Family 6 Model 78 Stepping 3, GenuineIntel



---------------  S Y S T E M  ---------------

OS: Windows 10.0 , 64 bit Build 17134 (10.0.17134.753)

CPU:total 4 (initial active 4) (2 cores per cpu, 2 threads per core) family 6 model 78 stepping 3, cmov, cx8, fxsr, mmx, sse, sse2, sse3, ssse3, sse4.1, sse4.2, popcnt, avx, avx2, aes, clmul, erms, 3dnowpref, lzcnt, ht, tsc, tscinvbit, bmi1, bmi2, adx

Memory: 4k page, physical 8238856k(2404308k free), swap 9730680k(7884k free)

vm_info: Java HotSpot(TM) 64-Bit Server VM (25.221-b11) for windows-amd64 JRE (1.8.0_221-b11), built on Jul  4 2019 04:39:29 by "java_re" with MS VC++ 10.0 (VS2010)

time: Wed Dec 18 11:29:21 2019
timezone: Hora estándar romance
elapsed time: 289 seconds (0d 0h 4m 49s)

